# JRE version: OpenJDK Runtime Environment Temurin-21.0.7+6 (21.0.7+6) (build 21.0.7+6-LTS)
# Java VM: OpenJDK 64-Bit Server VM Temurin-21.0.7+6 (21.0.7+6-LTS, mixed mode, sharing, tiered, compressed oops, compressed class ptrs, parallel gc, linux-amd64)
GC Precious Log:
 CardTable entry size: 512
 CPUs: 12 total, 12 available
 Memory: 15911M
 Large Page Support: Disabled
 NUMA Support: Disabled
 Compressed Oops: Enabled (32-bit)
 Alignments: Space 512K, Generation 512K, Heap 2M
 Heap Min Capacity: 100M
 Heap Initial Capacity: 100M
 Heap Max Capacity: 2G
 Pre-touch: Disabled
 Parallel Workers: 10
Heap:
 PSYoungGen      total 19456K, used 5859K [0x00000000d5580000, 0x00000000d6e00000, 0x0000000100000000)
  eden space 18432K, 26% used [0x00000000d5580000,0x00000000d5a3e140,0x00000000d6780000)
  from space 1024K, 97% used [0x00000000d6c80000,0x00000000d6d7abf8,0x00000000d6d80000)
  to   space 512K, 0% used [0x00000000d6d80000,0x00000000d6d80000,0x00000000d6e00000)
 ParOldGen       total 68608K, used 31401K [0x0000000080000000, 0x0000000084300000, 0x00000000d5580000)
  object space 68608K, 45% used [0x0000000080000000,0x0000000081eaa780,0x0000000084300000)
 Metaspace       used 51746K, committed 52864K, reserved 1114112K
  class space    used 5503K, committed 6016K, reserved 1048576K
GC Heap History (20 events):
Event: 2.139 GC heap before
{Heap before GC invocations=18 (full 2):
 PSYoungGen      total 24576K, used 23213K [0x00000000d5580000, 0x00000000d7100000, 0x0000000100000000)
  eden space 22016K, 100% used [0x00000000d5580000,0x00000000d6b00000,0x00000000d6b00000)
  from space 2560K, 46% used [0x00000000d6c80000,0x00000000d6dab670,0x00000000d6f00000)
  to   space 1536K, 0% used [0x00000000d6f80000,0x00000000d6f80000,0x00000000d7100000)
 ParOldGen       total 68608K, used 18710K [0x0000000080000000, 0x0000000084300000, 0x00000000d5580000)
  object space 68608K, 27% used [0x0000000080000000,0x00000000812458d8,0x0000000084300000)
 Metaspace       used 39172K, committed 40128K, reserved 1114112K
  class space    used 4032K, committed 4480K, reserved 1048576K
}
Event: 2.140 GC heap after
{Heap after GC invocations=18 (full 2):
 PSYoungGen      total 23040K, used 640K [0x00000000d5580000, 0x00000000d7080000, 0x0000000100000000)
  eden space 22016K, 0% used [0x00000000d5580000,0x00000000d5580000,0x00000000d6b00000)
  from space 1024K, 62% used [0x00000000d6f80000,0x00000000d7020000,0x00000000d7080000)
  to   space 1024K, 0% used [0x00000000d6e80000,0x00000000d6e80000,0x00000000d6f80000)
 ParOldGen       total 68608K, used 19606K [0x0000000080000000, 0x0000000084300000, 0x00000000d5580000)
  object space 68608K, 28% used [0x0000000080000000,0x00000000813258d8,0x0000000084300000)
 Metaspace       used 39172K, committed 40128K, reserved 1114112K
  class space    used 4032K, committed 4480K, reserved 1048576K
}
Event: 2.232 GC heap before
{Heap before GC invocations=19 (full 2):
 PSYoungGen      total 23040K, used 22656K [0x00000000d5580000, 0x00000000d7080000, 0x0000000100000000)
  eden space 22016K, 100% used [0x00000000d5580000,0x00000000d6b00000,0x00000000d6b00000)
  from space 1024K, 62% used [0x00000000d6f80000,0x00000000d7020000,0x00000000d7080000)
  to   space 1024K, 0% used [0x00000000d6e80000,0x00000000d6e80000,0x00000000d6f80000)
 ParOldGen       total 68608K, used 19606K [0x0000000080000000, 0x0000000084300000, 0x00000000d5580000)
  object space 68608K, 28% used [0x0000000080000000,0x00000000813258d8,0x0000000084300000)
 Metaspace       used 41733K, committed 42816K, reserved 1114112K
  class space    used 4348K, committed 4800K, reserved 1048576K
}
Event: 2.232 GC heap after
{Heap after GC invocations=19 (full 2):
 PSYoungGen      total 23040K, used 1024K [0x00000000d5580000, 0x00000000d7000000, 0x0000000100000000)
  eden space 22016K, 0% used [0x00000000d5580000,0x00000000d5580000,0x00000000d6b00000)
  from space 1024K, 100% used [0x00000000d6e80000,0x00000000d6f80000,0x00000000d6f80000)
  to   space 512K, 0% used [0x00000000d6f80000,0x00000000d6f80000,0x00000000d7000000)
 ParOldGen       total 68608K, used 20126K [0x0000000080000000, 0x0000000084300000, 0x00000000d5580000)
  object space 68608K, 29% used [0x0000000080000000,0x00000000813a78d8,0x0000000084300000)
 Metaspace       used 41733K, committed 42816K, reserved 1114112K
  class space    used 4348K, committed 4800K, reserved 1048576K
}
Event: 2.382 GC heap before
{Heap before GC invocations=20 (full 2):
 PSYoungGen      total 23040K, used 23040K [0x00000000d5580000, 0x00000000d7000000, 0x0000000100000000)
  eden space 22016K, 100% used [0x00000000d5580000,0x00000000d6b00000,0x00000000d6b00000)
  from space 1024K, 100% used [0x00000000d6e80000,0x00000000d6f80000,0x00000000d6f80000)
  to   space 512K, 0% used [0x00000000d6f80000,0x00000000d6f80000,0x00000000d7000000)
 ParOldGen       total 68608K, used 20126K [0x0000000080000000, 0x0000000084300000, 0x00000000d5580000)
  object space 68608K, 29% used [0x0000000080000000,0x00000000813a78d8,0x0000000084300000)
 Metaspace       used 44468K, committed 45568K, reserved 1114112K
  class space    used 4695K, committed 5184K, reserved 1048576K
}
Event: 2.384 GC heap after
{Heap after GC invocations=20 (full 2):
 PSYoungGen      total 22528K, used 512K [0x00000000d5580000, 0x00000000d7000000, 0x0000000100000000)
  eden space 22016K, 0% used [0x00000000d5580000,0x00000000d5580000,0x00000000d6b00000)
  from space 512K, 100% used [0x00000000d6f80000,0x00000000d7000000,0x00000000d7000000)
  to   space 2560K, 0% used [0x00000000d6b00000,0x00000000d6b00000,0x00000000d6d80000)
 ParOldGen       total 68608K, used 21987K [0x0000000080000000, 0x0000000084300000, 0x00000000d5580000)
  object space 68608K, 32% used [0x0000000080000000,0x0000000081578c88,0x0000000084300000)
 Metaspace       used 44468K, committed 45568K, reserved 1114112K
  class space    used 4695K, committed 5184K, reserved 1048576K
}
Event: 2.465 GC heap before
{Heap before GC invocations=21 (full 2):
 PSYoungGen      total 22528K, used 22528K [0x00000000d5580000, 0x00000000d7000000, 0x0000000100000000)
  eden space 22016K, 100% used [0x00000000d5580000,0x00000000d6b00000,0x00000000d6b00000)
  from space 512K, 100% used [0x00000000d6f80000,0x00000000d7000000,0x00000000d7000000)
  to   space 2560K, 0% used [0x00000000d6b00000,0x00000000d6b00000,0x00000000d6d80000)
 ParOldGen       total 68608K, used 21987K [0x0000000080000000, 0x0000000084300000, 0x00000000d5580000)
  object space 68608K, 32% used [0x0000000080000000,0x0000000081578c88,0x0000000084300000)
 Metaspace       used 47211K, committed 48256K, reserved 1114112K
  class space    used 5032K, committed 5504K, reserved 1048576K
}
Event: 2.466 GC heap after
{Heap after GC invocations=21 (full 2):
 PSYoungGen      total 24576K, used 1036K [0x00000000d5580000, 0x00000000d7000000, 0x0000000100000000)
  eden space 22016K, 0% used [0x00000000d5580000,0x00000000d5580000,0x00000000d6b00000)
  from space 2560K, 40% used [0x00000000d6b00000,0x00000000d6c03230,0x00000000d6d80000)
  to   space 1536K, 0% used [0x00000000d6e80000,0x00000000d6e80000,0x00000000d7000000)
 ParOldGen       total 68608K, used 22535K [0x0000000080000000, 0x0000000084300000, 0x00000000d5580000)
  object space 68608K, 32% used [0x0000000080000000,0x0000000081601c98,0x0000000084300000)
 Metaspace       used 47211K, committed 48256K, reserved 1114112K
  class space    used 5032K, committed 5504K, reserved 1048576K
}
Event: 2.525 GC heap before
{Heap before GC invocations=22 (full 2):
 PSYoungGen      total 24576K, used 23052K [0x00000000d5580000, 0x00000000d7000000, 0x0000000100000000)
  eden space 22016K, 100% used [0x00000000d5580000,0x00000000d6b00000,0x00000000d6b00000)
  from space 2560K, 40% used [0x00000000d6b00000,0x00000000d6c03230,0x00000000d6d80000)
  to   space 1536K, 0% used [0x00000000d6e80000,0x00000000d6e80000,0x00000000d7000000)
 ParOldGen       total 68608K, used 22535K [0x0000000080000000, 0x0000000084300000, 0x00000000d5580000)
  object space 68608K, 32% used [0x0000000080000000,0x0000000081601c98,0x0000000084300000)
 Metaspace       used 47401K, committed 48448K, reserved 1114112K
  class space    used 5047K, committed 5504K, reserved 1048576K
}
Event: 2.528 GC heap after
{Heap after GC invocations=22 (full 2):
 PSYoungGen      total 19968K, used 1523K [0x00000000d5580000, 0x00000000d7900000, 0x0000000100000000)
  eden space 18432K, 0% used [0x00000000d5580000,0x00000000d5580000,0x00000000d6780000)
  from space 1536K, 99% used [0x00000000d6e80000,0x00000000d6ffcc38,0x00000000d7000000)
  to   space 7168K, 0% used [0x00000000d6780000,0x00000000d6780000,0x00000000d6e80000)
 ParOldGen       total 68608K, used 26996K [0x0000000080000000, 0x0000000084300000, 0x00000000d5580000)
  object space 68608K, 39% used [0x0000000080000000,0x0000000081a5d2c8,0x0000000084300000)
 Metaspace       used 47401K, committed 48448K, reserved 1114112K
  class space    used 5047K, committed 5504K, reserved 1048576K
}
Event: 2.544 GC heap before
{Heap before GC invocations=23 (full 2):
 PSYoungGen      total 19968K, used 19955K [0x00000000d5580000, 0x00000000d7900000, 0x0000000100000000)
  eden space 18432K, 100% used [0x00000000d5580000,0x00000000d6780000,0x00000000d6780000)
  from space 1536K, 99% used [0x00000000d6e80000,0x00000000d6ffcc38,0x00000000d7000000)
  to   space 7168K, 0% used [0x00000000d6780000,0x00000000d6780000,0x00000000d6e80000)
 ParOldGen       total 68608K, used 26996K [0x0000000080000000, 0x0000000084300000, 0x00000000d5580000)
  object space 68608K, 39% used [0x0000000080000000,0x0000000081a5d2c8,0x0000000084300000)
 Metaspace       used 47751K, committed 48832K, reserved 1114112K
  class space    used 5077K, committed 5568K, reserved 1048576K
}
Event: 2.545 GC heap after
{Heap after GC invocations=23 (full 2):
 PSYoungGen      total 24576K, used 6112K [0x00000000d5580000, 0x00000000d7480000, 0x0000000100000000)
  eden space 18432K, 0% used [0x00000000d5580000,0x00000000d5580000,0x00000000d6780000)
  from space 6144K, 99% used [0x00000000d6780000,0x00000000d6d78000,0x00000000d6d80000)
  to   space 6656K, 0% used [0x00000000d6e00000,0x00000000d6e00000,0x00000000d7480000)
 ParOldGen       total 68608K, used 28315K [0x0000000080000000, 0x0000000084300000, 0x00000000d5580000)
  object space 68608K, 41% used [0x0000000080000000,0x0000000081ba6ea0,0x0000000084300000)
 Metaspace       used 47751K, committed 48832K, reserved 1114112K
  class space    used 5077K, committed 5568K, reserved 1048576K
}
Event: 2.566 GC heap before
{Heap before GC invocations=24 (full 2):
 PSYoungGen      total 24576K, used 24544K [0x00000000d5580000, 0x00000000d7480000, 0x0000000100000000)
  eden space 18432K, 100% used [0x00000000d5580000,0x00000000d6780000,0x00000000d6780000)
  from space 6144K, 99% used [0x00000000d6780000,0x00000000d6d78000,0x00000000d6d80000)
  to   space 6656K, 0% used [0x00000000d6e00000,0x00000000d6e00000,0x00000000d7480000)
 ParOldGen       total 68608K, used 28315K [0x0000000080000000, 0x0000000084300000, 0x00000000d5580000)
  object space 68608K, 41% used [0x0000000080000000,0x0000000081ba6ea0,0x0000000084300000)
 Metaspace       used 47957K, committed 49024K, reserved 1114112K
  class space    used 5096K, committed 5568K, reserved 1048576K
}
Event: 2.568 GC heap after
{Heap after GC invocations=24 (full 2):
 PSYoungGen      total 18944K, used 448K [0x00000000d5580000, 0x00000000d6e80000, 0x0000000100000000)
  eden space 18432K, 0% used [0x00000000d5580000,0x00000000d5580000,0x00000000d6780000)
  from space 512K, 87% used [0x00000000d6e00000,0x00000000d6e70000,0x00000000d6e80000)
  to   space 2560K, 0% used [0x00000000d6980000,0x00000000d6980000,0x00000000d6c00000)
 ParOldGen       total 68608K, used 29980K [0x0000000080000000, 0x0000000084300000, 0x00000000d5580000)
  object space 68608K, 43% used [0x0000000080000000,0x0000000081d47038,0x0000000084300000)
 Metaspace       used 47957K, committed 49024K, reserved 1114112K
  class space    used 5096K, committed 5568K, reserved 1048576K
}
Event: 2.591 GC heap before
{Heap before GC invocations=25 (full 2):
 PSYoungGen      total 18944K, used 18880K [0x00000000d5580000, 0x00000000d6e80000, 0x0000000100000000)
  eden space 18432K, 100% used [0x00000000d5580000,0x00000000d6780000,0x00000000d6780000)
  from space 512K, 87% used [0x00000000d6e00000,0x00000000d6e70000,0x00000000d6e80000)
  to   space 2560K, 0% used [0x00000000d6980000,0x00000000d6980000,0x00000000d6c00000)
 ParOldGen       total 68608K, used 29980K [0x0000000080000000, 0x0000000084300000, 0x00000000d5580000)
  object space 68608K, 43% used [0x0000000080000000,0x0000000081d47038,0x0000000084300000)
 Metaspace       used 48483K, committed 49536K, reserved 1114112K
  class space    used 5158K, committed 5632K, reserved 1048576K
}
Event: 2.591 GC heap after
{Heap after GC invocations=25 (full 2):
 PSYoungGen      total 20992K, used 490K [0x00000000d5580000, 0x00000000d6e80000, 0x0000000100000000)
  eden space 18432K, 0% used [0x00000000d5580000,0x00000000d5580000,0x00000000d6780000)
  from space 2560K, 19% used [0x00000000d6980000,0x00000000d69fa8e0,0x00000000d6c00000)
  to   space 1024K, 0% used [0x00000000d6d80000,0x00000000d6d80000,0x00000000d6e80000)
 ParOldGen       total 68608K, used 30141K [0x0000000080000000, 0x0000000084300000, 0x00000000d5580000)
  object space 68608K, 43% used [0x0000000080000000,0x0000000081d6f5b8,0x0000000084300000)
 Metaspace       used 48483K, committed 49536K, reserved 1114112K
  class space    used 5158K, committed 5632K, reserved 1048576K
}
Event: 2.665 GC heap before
{Heap before GC invocations=26 (full 2):
 PSYoungGen      total 20992K, used 18922K [0x00000000d5580000, 0x00000000d6e80000, 0x0000000100000000)
  eden space 18432K, 99% used [0x00000000d5580000,0x00000000d677fff8,0x00000000d6780000)
  from space 2560K, 19% used [0x00000000d6980000,0x00000000d69fa8e0,0x00000000d6c00000)
  to   space 1024K, 0% used [0x00000000d6d80000,0x00000000d6d80000,0x00000000d6e80000)
 ParOldGen       total 68608K, used 30141K [0x0000000080000000, 0x0000000084300000, 0x00000000d5580000)
  object space 68608K, 43% used [0x0000000080000000,0x0000000081d6f5b8,0x0000000084300000)
 Metaspace       used 49377K, committed 50496K, reserved 1114112K
  class space    used 5262K, committed 5760K, reserved 1048576K
}
Event: 2.666 GC heap after
{Heap after GC invocations=26 (full 2):
 PSYoungGen      total 19456K, used 736K [0x00000000d5580000, 0x00000000d6e80000, 0x0000000100000000)
  eden space 18432K, 0% used [0x00000000d5580000,0x00000000d5580000,0x00000000d6780000)
  from space 1024K, 71% used [0x00000000d6d80000,0x00000000d6e38000,0x00000000d6e80000)
  to   space 1024K, 0% used [0x00000000d6c80000,0x00000000d6c80000,0x00000000d6d80000)
 ParOldGen       total 68608K, used 30514K [0x0000000080000000, 0x0000000084300000, 0x00000000d5580000)
  object space 68608K, 44% used [0x0000000080000000,0x0000000081dccab0,0x0000000084300000)
 Metaspace       used 49377K, committed 50496K, reserved 1114112K
  class space    used 5262K, committed 5760K, reserved 1048576K
}
Event: 2.798 GC heap before
{Heap before GC invocations=27 (full 2):
 PSYoungGen      total 19456K, used 19168K [0x00000000d5580000, 0x00000000d6e80000, 0x0000000100000000)
  eden space 18432K, 100% used [0x00000000d5580000,0x00000000d6780000,0x00000000d6780000)
  from space 1024K, 71% used [0x00000000d6d80000,0x00000000d6e38000,0x00000000d6e80000)
  to   space 1024K, 0% used [0x00000000d6c80000,0x00000000d6c80000,0x00000000d6d80000)
 ParOldGen       total 68608K, used 30514K [0x0000000080000000, 0x0000000084300000, 0x00000000d5580000)
  object space 68608K, 44% used [0x0000000080000000,0x0000000081dccab0,0x0000000084300000)
 Metaspace       used 51361K, committed 52480K, reserved 1114112K
  class space    used 5458K, committed 5952K, reserved 1048576K
}
Event: 2.800 GC heap after
{Heap after GC invocations=27 (full 2):
 PSYoungGen      total 19456K, used 1002K [0x00000000d5580000, 0x00000000d6e00000, 0x0000000100000000)
  eden space 18432K, 0% used [0x00000000d5580000,0x00000000d5580000,0x00000000d6780000)
  from space 1024K, 97% used [0x00000000d6c80000,0x00000000d6d7abf8,0x00000000d6d80000)
  to   space 512K, 0% used [0x00000000d6d80000,0x00000000d6d80000,0x00000000d6e00000)
 ParOldGen       total 68608K, used 31401K [0x0000000080000000, 0x0000000084300000, 0x00000000d5580000)
  object space 68608K, 45% used [0x0000000080000000,0x0000000081eaa780,0x0000000084300000)
 Metaspace       used 51361K, committed 52480K, reserved 1114112K
  class space    used 5458K, committed 5952K, reserved 1048576K
}

